<?xml version="1.0" encoding="UTF-8"?>
<!-- Generated by org.testng.reporters.JUnitXMLReporter -->
<testsuite hostname="SC-201908091511" name="Command line test" tests="4" failures="1" timestamp="6 Nov 2020 07:07:42 GMT" time="3.348" errors="0">
  <testcase name="testExcel" time="1.312" classname="apple.utils.TestExcelUtils">
    <failure type="java.lang.NullPointerException">
      <![CDATA[java.lang.NullPointerException
	at apple.utils.ExcelUtils.getDatas(ExcelUtils.java:81)
	at apple.utils.TestExcelUtils.testExcel(TestExcelUtils.java:10)
	at com.sun.proxy.$Proxy0.invoke(Unknown Source)
... Removed 33 stack frames]]>
    </failure>
  </testcase> <!-- testExcel -->
  <testcase name="testdatas" time="0.0" classname="apple.utils.TestExcelUtils"/>
  <testcase name="testSendGet" time="1.473" classname="com.services.TestServiceDemo"/>
  <testcase name="testSendPost" time="0.544" classname="com.services.TestServiceDemo"/>
</testsuite> <!-- Command line test -->
