<?xml version="1.0" encoding="UTF-8"?>
<testng-results skipped="0" failed="1" total="4" passed="3">
  <reporter-output>
  </reporter-output>
  <suite name="Command line suite" duration-ms="3348" started-at="2020-11-06T07:07:39Z" finished-at="2020-11-06T07:07:42Z">
    <groups>
    </groups>
    <test name="Command line test" duration-ms="3348" started-at="2020-11-06T07:07:39Z" finished-at="2020-11-06T07:07:42Z">
      <class name="com.services.TestServiceDemo">
        <test-method status="PASS" signature="testSendGet()[pri:0, instance:com.services.TestServiceDemo@1bfe3203]" name="testSendGet" duration-ms="1473" started-at="2020-11-06T15:07:40Z" finished-at="2020-11-06T15:07:41Z">
          <reporter-output>
          </reporter-output>
        </test-method> <!-- testSendGet -->
        <test-method status="PASS" signature="testSendPost()[pri:0, instance:com.services.TestServiceDemo@1bfe3203]" name="testSendPost" duration-ms="544" started-at="2020-11-06T15:07:41Z" finished-at="2020-11-06T15:07:42Z">
          <reporter-output>
          </reporter-output>
        </test-method> <!-- testSendPost -->
      </class> <!-- com.services.TestServiceDemo -->
      <class name="apple.utils.TestExcelUtils">
        <test-method status="FAIL" signature="testExcel()[pri:0, instance:apple.utils.TestExcelUtils@2b556bb2]" name="testExcel" duration-ms="1312" started-at="2020-11-06T15:07:39Z" finished-at="2020-11-06T15:07:40Z">
          <exception class="java.lang.NullPointerException">
            <full-stacktrace>
              <![CDATA[java.lang.NullPointerException
	at apple.utils.ExcelUtils.getDatas(ExcelUtils.java:81)
	at apple.utils.TestExcelUtils.testExcel(TestExcelUtils.java:10)
	at sun.reflect.NativeMethodAccessorImpl.invoke0(Native Method)
	at sun.reflect.NativeMethodAccessorImpl.invoke(NativeMethodAccessorImpl.java:62)
	at sun.reflect.DelegatingMethodAccessorImpl.invoke(DelegatingMethodAccessorImpl.java:43)
	at java.lang.reflect.Method.invoke(Method.java:498)
	at org.testng.internal.MethodInvocationHelper.invokeMethod(MethodInvocationHelper.java:84)
	at org.testng.internal.Invoker.invokeMethod(Invoker.java:714)
	at org.testng.internal.Invoker.invokeTestMethod(Invoker.java:901)
	at org.testng.internal.Invoker.invokeTestMethods(Invoker.java:1231)
	at org.testng.internal.TestMethodWorker.invokeTestMethods(TestMethodWorker.java:127)
	at org.testng.internal.TestMethodWorker.run(TestMethodWorker.java:111)
	at org.testng.TestRunner.privateRun(TestRunner.java:767)
	at org.testng.TestRunner.run(TestRunner.java:617)
	at org.testng.SuiteRunner.runTest(SuiteRunner.java:348)
	at org.testng.SuiteRunner.runSequentially(SuiteRunner.java:343)
	at org.testng.SuiteRunner.privateRun(SuiteRunner.java:305)
	at org.testng.SuiteRunner.run(SuiteRunner.java:254)
	at org.testng.SuiteRunnerWorker.runSuite(SuiteRunnerWorker.java:52)
	at org.testng.SuiteRunnerWorker.run(SuiteRunnerWorker.java:86)
	at org.testng.TestNG.runSuitesSequentially(TestNG.java:1224)
	at org.testng.TestNG.runSuitesLocally(TestNG.java:1149)
	at org.testng.TestNG.run(TestNG.java:1057)
	at org.apache.maven.surefire.testng.TestNGExecutor.run(TestNGExecutor.java:61)
	at org.apache.maven.surefire.testng.TestNGDirectoryTestSuite.executeMulti(TestNGDirectoryTestSuite.java:163)
	at org.apache.maven.surefire.testng.TestNGDirectoryTestSuite.execute(TestNGDirectoryTestSuite.java:112)
	at org.apache.maven.surefire.testng.TestNGProvider.invoke(TestNGProvider.java:111)
	at sun.reflect.NativeMethodAccessorImpl.invoke0(Native Method)
	at sun.reflect.NativeMethodAccessorImpl.invoke(NativeMethodAccessorImpl.java:62)
	at sun.reflect.DelegatingMethodAccessorImpl.invoke(DelegatingMethodAccessorImpl.java:43)
	at java.lang.reflect.Method.invoke(Method.java:498)
	at org.apache.maven.surefire.booter.ProviderFactory$ClassLoaderProxy.invoke(ProviderFactory.java:103)
	at com.sun.proxy.$Proxy0.invoke(Unknown Source)
	at org.apache.maven.surefire.booter.SurefireStarter.invokeProvider(SurefireStarter.java:145)
	at org.apache.maven.surefire.booter.SurefireStarter.runSuitesInProcess(SurefireStarter.java:87)
	at org.apache.maven.surefire.booter.ForkedBooter.main(ForkedBooter.java:69)
]]>
            </full-stacktrace>
          </exception> <!-- java.lang.NullPointerException -->
          <reporter-output>
          </reporter-output>
        </test-method> <!-- testExcel -->
        <test-method status="PASS" signature="testdatas()[pri:0, instance:apple.utils.TestExcelUtils@2b556bb2]" name="testdatas" duration-ms="0" started-at="2020-11-06T15:07:40Z" finished-at="2020-11-06T15:07:40Z">
          <reporter-output>
          </reporter-output>
        </test-method> <!-- testdatas -->
      </class> <!-- apple.utils.TestExcelUtils -->
    </test> <!-- Command line test -->
  </suite> <!-- Command line suite -->
</testng-results>
